<?xml version="1.0" encoding="UTF-8"?>
<!-- Generated by org.testng.reporters.JUnitXMLReporter -->
<testsuite hostname="Khalids-MacBook-Pro.local" ignored="0" name="WellsFargo Tests" tests="12" failures="0" timestamp="03 Jan 2019 01:22:12 GMT" time="69.048" errors="0">
  <testcase name="invalidSignIn" time="1.935" classname="test.pages.HomePageTest"/>
  <testcase name="invalidSignIn" time="2.336" classname="test.pages.HomePageTest"/>
  <testcase name="invalidSignIn" time="1.678" classname="test.pages.HomePageTest"/>
  <testcase name="invalidSignIn" time="1.689" classname="test.pages.HomePageTest"/>
  <testcase name="invalidSignIn" time="2.961" classname="test.pages.HomePageTest"/>
  <testcase name="invalidSignIn" time="2.041" classname="test.pages.HomePageTest"/>
  <testcase name="invalidSignIn" time="1.716" classname="test.pages.HomePageTest"/>
  <testcase name="invalidSignIn" time="2.938" classname="test.pages.HomePageTest"/>
  <testcase name="invalidSignIn" time="1.697" classname="test.pages.HomePageTest"/>
  <testcase name="invalidSignIn" time="1.7" classname="test.pages.HomePageTest"/>
  <testcase name="invalidSignIn" time="2.349" classname="test.pages.HomePageTest"/>
  <testcase name="invalidSignIn" time="1.746" classname="test.pages.HomePageTest"/>
</testsuite> <!-- WellsFargo Tests -->
