<?xml version="1.0" encoding="UTF-8"?>
<testng-results skipped="0" failed="0" ignored="0" total="12" passed="12">
  <reporter-output>
    <line>
      <![CDATA[Extent Report Directory/Users/khalid.abdin/IdeaProjects/Group_Project/WellsFargo/target/surefire-reports/html]]>
    </line>
    <line>
      <![CDATA[Sending aw to userid]]>
    </line>
    <line>
      <![CDATA[Keys Sent to userid]]>
    </line>
    <line>
      <![CDATA[Sending yeah to password]]>
    </line>
    <line>
      <![CDATA[Keys Sent to password]]>
    </line>
    <line>
      <![CDATA[Click sign-in button]]>
    </line>
    <line>
      <![CDATA[Clicked sign-in button]]>
    </line>
    <line>
      <![CDATA[Sending hhb to userid]]>
    </line>
    <line>
      <![CDATA[Keys Sent to userid]]>
    </line>
    <line>
      <![CDATA[Sending werrk to password]]>
    </line>
    <line>
      <![CDATA[Keys Sent to password]]>
    </line>
    <line>
      <![CDATA[Click sign-in button]]>
    </line>
    <line>
      <![CDATA[Clicked sign-in button]]>
    </line>
    <line>
      <![CDATA[Sending yeah to userid]]>
    </line>
    <line>
      <![CDATA[Keys Sent to userid]]>
    </line>
    <line>
      <![CDATA[Sending good to password]]>
    </line>
    <line>
      <![CDATA[Keys Sent to password]]>
    </line>
    <line>
      <![CDATA[Click sign-in button]]>
    </line>
    <line>
      <![CDATA[Clicked sign-in button]]>
    </line>
    <line>
      <![CDATA[Sending running to userid]]>
    </line>
    <line>
      <![CDATA[Keys Sent to userid]]>
    </line>
    <line>
      <![CDATA[Sending up to password]]>
    </line>
    <line>
      <![CDATA[Keys Sent to password]]>
    </line>
    <line>
      <![CDATA[Click sign-in button]]>
    </line>
    <line>
      <![CDATA[Clicked sign-in button]]>
    </line>
    <line>
      <![CDATA[Sending my  to userid]]>
    </line>
    <line>
      <![CDATA[Keys Sent to userid]]>
    </line>
    <line>
      <![CDATA[Sending testcases to password]]>
    </line>
    <line>
      <![CDATA[Keys Sent to password]]>
    </line>
    <line>
      <![CDATA[Click sign-in button]]>
    </line>
    <line>
      <![CDATA[Clicked sign-in button]]>
    </line>
    <line>
      <![CDATA[Sending cuz to userid]]>
    </line>
    <line>
      <![CDATA[Keys Sent to userid]]>
    </line>
    <line>
      <![CDATA[Sending icantstand to password]]>
    </line>
    <line>
      <![CDATA[Keys Sent to password]]>
    </line>
    <line>
      <![CDATA[Click sign-in button]]>
    </line>
    <line>
      <![CDATA[Clicked sign-in button]]>
    </line>
    <line>
      <![CDATA[Sending it to userid]]>
    </line>
    <line>
      <![CDATA[Keys Sent to userid]]>
    </line>
    <line>
      <![CDATA[Sending either to password]]>
    </line>
    <line>
      <![CDATA[Keys Sent to password]]>
    </line>
    <line>
      <![CDATA[Click sign-in button]]>
    </line>
    <line>
      <![CDATA[Clicked sign-in button]]>
    </line>
    <line>
      <![CDATA[Sending how  to userid]]>
    </line>
    <line>
      <![CDATA[Keys Sent to userid]]>
    </line>
    <line>
      <![CDATA[Sending bout to password]]>
    </line>
    <line>
      <![CDATA[Keys Sent to password]]>
    </line>
    <line>
      <![CDATA[Click sign-in button]]>
    </line>
    <line>
      <![CDATA[Clicked sign-in button]]>
    </line>
    <line>
      <![CDATA[Sending some to userid]]>
    </line>
    <line>
      <![CDATA[Keys Sent to userid]]>
    </line>
    <line>
      <![CDATA[Sending moee to password]]>
    </line>
    <line>
      <![CDATA[Keys Sent to password]]>
    </line>
    <line>
      <![CDATA[Click sign-in button]]>
    </line>
    <line>
      <![CDATA[Clicked sign-in button]]>
    </line>
    <line>
      <![CDATA[Sending mother to userid]]>
    </line>
    <line>
      <![CDATA[Keys Sent to userid]]>
    </line>
    <line>
      <![CDATA[Sending fucker to password]]>
    </line>
    <line>
      <![CDATA[Keys Sent to password]]>
    </line>
    <line>
      <![CDATA[Click sign-in button]]>
    </line>
    <line>
      <![CDATA[Clicked sign-in button]]>
    </line>
    <line>
      <![CDATA[Sending one to userid]]>
    </line>
    <line>
      <![CDATA[Keys Sent to userid]]>
    </line>
    <line>
      <![CDATA[Sending two to password]]>
    </line>
    <line>
      <![CDATA[Keys Sent to password]]>
    </line>
    <line>
      <![CDATA[Click sign-in button]]>
    </line>
    <line>
      <![CDATA[Clicked sign-in button]]>
    </line>
    <line>
      <![CDATA[Sending tree to userid]]>
    </line>
    <line>
      <![CDATA[Keys Sent to userid]]>
    </line>
    <line>
      <![CDATA[Sending oflife to password]]>
    </line>
    <line>
      <![CDATA[Keys Sent to password]]>
    </line>
    <line>
      <![CDATA[Click sign-in button]]>
    </line>
    <line>
      <![CDATA[Clicked sign-in button]]>
    </line>
  </reporter-output>
  <suite name="WellsFargo Automation Test or w.e id like" duration-ms="69048" started-at="2019-01-03T01:21:03Z" finished-at="2019-01-03T01:22:12Z">
    <groups>
    </groups>
    <test name="WellsFargo Tests" duration-ms="69048" started-at="2019-01-03T01:21:03Z" finished-at="2019-01-03T01:22:12Z">
      <class name="test.pages.HomePageTest">
        <test-method status="PASS" signature="extentSetup(org.testng.ITestContext)[pri:0, instance:test.pages.HomePageTest@3a82f6ef]" name="extentSetup" is-config="true" duration-ms="120" started-at="2019-01-02T20:21:03Z" finished-at="2019-01-02T20:21:03Z">
          <params>
            <param index="0">
              <value>
                <![CDATA[org.testng.TestRunner@2f98635e]]>
              </value>
            </param>
          </params>
          <reporter-output>
            <line>
              <![CDATA[Extent Report Directory/Users/khalid.abdin/IdeaProjects/Group_Project/WellsFargo/target/surefire-reports/html]]>
            </line>
          </reporter-output>
        </test-method> <!-- extentSetup -->
        <test-method status="PASS" signature="setUp(boolean, java.lang.String, java.lang.String, java.lang.String, java.lang.String, java.lang.String, java.lang.String)[pri:0, instance:test.pages.HomePageTest@3a82f6ef]" name="setUp" is-config="true" duration-ms="4419" started-at="2019-01-02T20:21:03Z" finished-at="2019-01-02T20:21:08Z">
          <params>
            <param index="0">
              <value>
                <![CDATA[false]]>
              </value>
            </param>
            <param index="1">
              <value>
                <![CDATA[browserstack]]>
              </value>
            </param>
            <param index="2">
              <value>
                <![CDATA[mac]]>
              </value>
            </param>
            <param index="3">
              <value>
                <![CDATA[10]]>
              </value>
            </param>
            <param index="4">
              <value>
                <![CDATA[chrome]]>
              </value>
            </param>
            <param index="5">
              <value>
                <![CDATA[62.0]]>
              </value>
            </param>
            <param index="6">
              <value>
                <![CDATA[https://www.wellsfargo.com/]]>
              </value>
            </param>
          </params>
          <reporter-output>
          </reporter-output>
        </test-method> <!-- setUp -->
        <test-method status="PASS" signature="startExtent(java.lang.reflect.Method)[pri:0, instance:test.pages.HomePageTest@3a82f6ef]" name="startExtent" is-config="true" duration-ms="6" started-at="2019-01-02T20:21:08Z" finished-at="2019-01-02T20:21:08Z">
          <params>
            <param index="0">
              <value>
                <![CDATA[public void test.pages.HomePageTest.invalidSignIn(java.lang.String,java.lang.String)]]>
              </value>
            </param>
          </params>
          <reporter-output>
          </reporter-output>
        </test-method> <!-- startExtent -->
        <test-method status="PASS" signature="initializationOfElements()[pri:0, instance:test.pages.HomePageTest@3a82f6ef]" name="initializationOfElements" is-config="true" duration-ms="27" started-at="2019-01-02T20:21:08Z" finished-at="2019-01-02T20:21:08Z">
          <reporter-output>
          </reporter-output>
        </test-method> <!-- initializationOfElements -->
        <test-method status="PASS" signature="invalidSignIn(java.lang.String, java.lang.String)[pri:0, instance:test.pages.HomePageTest@3a82f6ef]" name="invalidSignIn" duration-ms="1935" started-at="2019-01-02T20:21:08Z" data-provider="DPExcel" finished-at="2019-01-02T20:21:10Z">
          <params>
            <param index="0">
              <value>
                <![CDATA[aw]]>
              </value>
            </param>
            <param index="1">
              <value>
                <![CDATA[yeah]]>
              </value>
            </param>
          </params>
          <reporter-output>
            <line>
              <![CDATA[Sending aw to userid]]>
            </line>
            <line>
              <![CDATA[Keys Sent to userid]]>
            </line>
            <line>
              <![CDATA[Sending yeah to password]]>
            </line>
            <line>
              <![CDATA[Keys Sent to password]]>
            </line>
            <line>
              <![CDATA[Click sign-in button]]>
            </line>
            <line>
              <![CDATA[Clicked sign-in button]]>
            </line>
          </reporter-output>
        </test-method> <!-- invalidSignIn -->
        <test-method status="PASS" signature="afterEachTestMethod(org.testng.ITestResult)[pri:0, instance:test.pages.HomePageTest@3a82f6ef]" name="afterEachTestMethod" is-config="true" duration-ms="312" started-at="2019-01-02T20:21:10Z" finished-at="2019-01-02T20:21:10Z">
          <params>
            <param index="0">
              <value>
                <![CDATA[[TestResult name=invalidSignIn status=SUCCESS method=HomePageTest.invalidSignIn(java.lang.String, java.lang.String)[pri:0, instance:test.pages.HomePageTest@3a82f6ef] output=Sending aw to userid]]]>
              </value>
            </param>
          </params>
          <reporter-output>
          </reporter-output>
        </test-method> <!-- afterEachTestMethod -->
        <test-method status="PASS" signature="closeOut()[pri:0, instance:test.pages.HomePageTest@3a82f6ef]" name="closeOut" is-config="true" duration-ms="1" started-at="2019-01-02T20:21:10Z" finished-at="2019-01-02T20:21:10Z">
          <reporter-output>
          </reporter-output>
        </test-method> <!-- closeOut -->
        <test-method status="PASS" signature="setUp(boolean, java.lang.String, java.lang.String, java.lang.String, java.lang.String, java.lang.String, java.lang.String)[pri:0, instance:test.pages.HomePageTest@3a82f6ef]" name="setUp" is-config="true" duration-ms="3716" started-at="2019-01-02T20:21:10Z" finished-at="2019-01-02T20:21:14Z">
          <params>
            <param index="0">
              <value>
                <![CDATA[false]]>
              </value>
            </param>
            <param index="1">
              <value>
                <![CDATA[browserstack]]>
              </value>
            </param>
            <param index="2">
              <value>
                <![CDATA[mac]]>
              </value>
            </param>
            <param index="3">
              <value>
                <![CDATA[10]]>
              </value>
            </param>
            <param index="4">
              <value>
                <![CDATA[chrome]]>
              </value>
            </param>
            <param index="5">
              <value>
                <![CDATA[62.0]]>
              </value>
            </param>
            <param index="6">
              <value>
                <![CDATA[https://www.wellsfargo.com/]]>
              </value>
            </param>
          </params>
          <reporter-output>
          </reporter-output>
        </test-method> <!-- setUp -->
        <test-method status="PASS" signature="startExtent(java.lang.reflect.Method)[pri:0, instance:test.pages.HomePageTest@3a82f6ef]" name="startExtent" is-config="true" duration-ms="0" started-at="2019-01-02T20:21:14Z" finished-at="2019-01-02T20:21:14Z">
          <params>
            <param index="0">
              <value>
                <![CDATA[public void test.pages.HomePageTest.invalidSignIn(java.lang.String,java.lang.String)]]>
              </value>
            </param>
          </params>
          <reporter-output>
          </reporter-output>
        </test-method> <!-- startExtent -->
        <test-method status="PASS" signature="initializationOfElements()[pri:0, instance:test.pages.HomePageTest@3a82f6ef]" name="initializationOfElements" is-config="true" duration-ms="1" started-at="2019-01-02T20:21:14Z" finished-at="2019-01-02T20:21:14Z">
          <reporter-output>
          </reporter-output>
        </test-method> <!-- initializationOfElements -->
        <test-method status="PASS" signature="invalidSignIn(java.lang.String, java.lang.String)[pri:0, instance:test.pages.HomePageTest@3a82f6ef]" name="invalidSignIn" duration-ms="2336" started-at="2019-01-02T20:21:14Z" data-provider="DPExcel" finished-at="2019-01-02T20:21:16Z">
          <params>
            <param index="0">
              <value>
                <![CDATA[hhb]]>
              </value>
            </param>
            <param index="1">
              <value>
                <![CDATA[werrk]]>
              </value>
            </param>
          </params>
          <reporter-output>
            <line>
              <![CDATA[Sending hhb to userid]]>
            </line>
            <line>
              <![CDATA[Keys Sent to userid]]>
            </line>
            <line>
              <![CDATA[Sending werrk to password]]>
            </line>
            <line>
              <![CDATA[Keys Sent to password]]>
            </line>
            <line>
              <![CDATA[Click sign-in button]]>
            </line>
            <line>
              <![CDATA[Clicked sign-in button]]>
            </line>
          </reporter-output>
        </test-method> <!-- invalidSignIn -->
        <test-method status="PASS" signature="afterEachTestMethod(org.testng.ITestResult)[pri:0, instance:test.pages.HomePageTest@3a82f6ef]" name="afterEachTestMethod" is-config="true" duration-ms="128" started-at="2019-01-02T20:21:16Z" finished-at="2019-01-02T20:21:16Z">
          <params>
            <param index="0">
              <value>
                <![CDATA[[TestResult name=invalidSignIn status=SUCCESS method=HomePageTest.invalidSignIn(java.lang.String, java.lang.String)[pri:0, instance:test.pages.HomePageTest@3a82f6ef] output=Sending hhb to userid]]]>
              </value>
            </param>
          </params>
          <reporter-output>
          </reporter-output>
        </test-method> <!-- afterEachTestMethod -->
        <test-method status="PASS" signature="setUp(boolean, java.lang.String, java.lang.String, java.lang.String, java.lang.String, java.lang.String, java.lang.String)[pri:0, instance:test.pages.HomePageTest@3a82f6ef]" name="setUp" is-config="true" duration-ms="4271" started-at="2019-01-02T20:21:16Z" finished-at="2019-01-02T20:21:20Z">
          <params>
            <param index="0">
              <value>
                <![CDATA[false]]>
              </value>
            </param>
            <param index="1">
              <value>
                <![CDATA[browserstack]]>
              </value>
            </param>
            <param index="2">
              <value>
                <![CDATA[mac]]>
              </value>
            </param>
            <param index="3">
              <value>
                <![CDATA[10]]>
              </value>
            </param>
            <param index="4">
              <value>
                <![CDATA[chrome]]>
              </value>
            </param>
            <param index="5">
              <value>
                <![CDATA[62.0]]>
              </value>
            </param>
            <param index="6">
              <value>
                <![CDATA[https://www.wellsfargo.com/]]>
              </value>
            </param>
          </params>
          <reporter-output>
          </reporter-output>
        </test-method> <!-- setUp -->
        <test-method status="PASS" signature="closeOut()[pri:0, instance:test.pages.HomePageTest@3a82f6ef]" name="closeOut" is-config="true" duration-ms="0" started-at="2019-01-02T20:21:16Z" finished-at="2019-01-02T20:21:16Z">
          <reporter-output>
          </reporter-output>
        </test-method> <!-- closeOut -->
        <test-method status="PASS" signature="startExtent(java.lang.reflect.Method)[pri:0, instance:test.pages.HomePageTest@3a82f6ef]" name="startExtent" is-config="true" duration-ms="0" started-at="2019-01-02T20:21:20Z" finished-at="2019-01-02T20:21:20Z">
          <params>
            <param index="0">
              <value>
                <![CDATA[public void test.pages.HomePageTest.invalidSignIn(java.lang.String,java.lang.String)]]>
              </value>
            </param>
          </params>
          <reporter-output>
          </reporter-output>
        </test-method> <!-- startExtent -->
        <test-method status="PASS" signature="initializationOfElements()[pri:0, instance:test.pages.HomePageTest@3a82f6ef]" name="initializationOfElements" is-config="true" duration-ms="2" started-at="2019-01-02T20:21:20Z" finished-at="2019-01-02T20:21:20Z">
          <reporter-output>
          </reporter-output>
        </test-method> <!-- initializationOfElements -->
        <test-method status="PASS" signature="invalidSignIn(java.lang.String, java.lang.String)[pri:0, instance:test.pages.HomePageTest@3a82f6ef]" name="invalidSignIn" duration-ms="1678" started-at="2019-01-02T20:21:20Z" data-provider="DPExcel" finished-at="2019-01-02T20:21:22Z">
          <params>
            <param index="0">
              <value>
                <![CDATA[yeah]]>
              </value>
            </param>
            <param index="1">
              <value>
                <![CDATA[good]]>
              </value>
            </param>
          </params>
          <reporter-output>
            <line>
              <![CDATA[Sending yeah to userid]]>
            </line>
            <line>
              <![CDATA[Keys Sent to userid]]>
            </line>
            <line>
              <![CDATA[Sending good to password]]>
            </line>
            <line>
              <![CDATA[Keys Sent to password]]>
            </line>
            <line>
              <![CDATA[Click sign-in button]]>
            </line>
            <line>
              <![CDATA[Clicked sign-in button]]>
            </line>
          </reporter-output>
        </test-method> <!-- invalidSignIn -->
        <test-method status="PASS" signature="afterEachTestMethod(org.testng.ITestResult)[pri:0, instance:test.pages.HomePageTest@3a82f6ef]" name="afterEachTestMethod" is-config="true" duration-ms="110" started-at="2019-01-02T20:21:22Z" finished-at="2019-01-02T20:21:22Z">
          <params>
            <param index="0">
              <value>
                <![CDATA[[TestResult name=invalidSignIn status=SUCCESS method=HomePageTest.invalidSignIn(java.lang.String, java.lang.String)[pri:0, instance:test.pages.HomePageTest@3a82f6ef] output=Sending yeah to userid]]]>
              </value>
            </param>
          </params>
          <reporter-output>
          </reporter-output>
        </test-method> <!-- afterEachTestMethod -->
        <test-method status="PASS" signature="setUp(boolean, java.lang.String, java.lang.String, java.lang.String, java.lang.String, java.lang.String, java.lang.String)[pri:0, instance:test.pages.HomePageTest@3a82f6ef]" name="setUp" is-config="true" duration-ms="3158" started-at="2019-01-02T20:21:22Z" finished-at="2019-01-02T20:21:25Z">
          <params>
            <param index="0">
              <value>
                <![CDATA[false]]>
              </value>
            </param>
            <param index="1">
              <value>
                <![CDATA[browserstack]]>
              </value>
            </param>
            <param index="2">
              <value>
                <![CDATA[mac]]>
              </value>
            </param>
            <param index="3">
              <value>
                <![CDATA[10]]>
              </value>
            </param>
            <param index="4">
              <value>
                <![CDATA[chrome]]>
              </value>
            </param>
            <param index="5">
              <value>
                <![CDATA[62.0]]>
              </value>
            </param>
            <param index="6">
              <value>
                <![CDATA[https://www.wellsfargo.com/]]>
              </value>
            </param>
          </params>
          <reporter-output>
          </reporter-output>
        </test-method> <!-- setUp -->
        <test-method status="PASS" signature="closeOut()[pri:0, instance:test.pages.HomePageTest@3a82f6ef]" name="closeOut" is-config="true" duration-ms="0" started-at="2019-01-02T20:21:22Z" finished-at="2019-01-02T20:21:22Z">
          <reporter-output>
          </reporter-output>
        </test-method> <!-- closeOut -->
        <test-method status="PASS" signature="startExtent(java.lang.reflect.Method)[pri:0, instance:test.pages.HomePageTest@3a82f6ef]" name="startExtent" is-config="true" duration-ms="0" started-at="2019-01-02T20:21:25Z" finished-at="2019-01-02T20:21:25Z">
          <params>
            <param index="0">
              <value>
                <![CDATA[public void test.pages.HomePageTest.invalidSignIn(java.lang.String,java.lang.String)]]>
              </value>
            </param>
          </params>
          <reporter-output>
          </reporter-output>
        </test-method> <!-- startExtent -->
        <test-method status="PASS" signature="initializationOfElements()[pri:0, instance:test.pages.HomePageTest@3a82f6ef]" name="initializationOfElements" is-config="true" duration-ms="1" started-at="2019-01-02T20:21:25Z" finished-at="2019-01-02T20:21:25Z">
          <reporter-output>
          </reporter-output>
        </test-method> <!-- initializationOfElements -->
        <test-method status="PASS" signature="invalidSignIn(java.lang.String, java.lang.String)[pri:0, instance:test.pages.HomePageTest@3a82f6ef]" name="invalidSignIn" duration-ms="1689" started-at="2019-01-02T20:21:25Z" data-provider="DPExcel" finished-at="2019-01-02T20:21:27Z">
          <params>
            <param index="0">
              <value>
                <![CDATA[running]]>
              </value>
            </param>
            <param index="1">
              <value>
                <![CDATA[up]]>
              </value>
            </param>
          </params>
          <reporter-output>
            <line>
              <![CDATA[Sending running to userid]]>
            </line>
            <line>
              <![CDATA[Keys Sent to userid]]>
            </line>
            <line>
              <![CDATA[Sending up to password]]>
            </line>
            <line>
              <![CDATA[Keys Sent to password]]>
            </line>
            <line>
              <![CDATA[Click sign-in button]]>
            </line>
            <line>
              <![CDATA[Clicked sign-in button]]>
            </line>
          </reporter-output>
        </test-method> <!-- invalidSignIn -->
        <test-method status="PASS" signature="afterEachTestMethod(org.testng.ITestResult)[pri:0, instance:test.pages.HomePageTest@3a82f6ef]" name="afterEachTestMethod" is-config="true" duration-ms="114" started-at="2019-01-02T20:21:27Z" finished-at="2019-01-02T20:21:27Z">
          <params>
            <param index="0">
              <value>
                <![CDATA[[TestResult name=invalidSignIn status=SUCCESS method=HomePageTest.invalidSignIn(java.lang.String, java.lang.String)[pri:0, instance:test.pages.HomePageTest@3a82f6ef] output=Sending running to userid]]]>
              </value>
            </param>
          </params>
          <reporter-output>
          </reporter-output>
        </test-method> <!-- afterEachTestMethod -->
        <test-method status="PASS" signature="closeOut()[pri:0, instance:test.pages.HomePageTest@3a82f6ef]" name="closeOut" is-config="true" duration-ms="1" started-at="2019-01-02T20:21:27Z" finished-at="2019-01-02T20:21:27Z">
          <reporter-output>
          </reporter-output>
        </test-method> <!-- closeOut -->
        <test-method status="PASS" signature="setUp(boolean, java.lang.String, java.lang.String, java.lang.String, java.lang.String, java.lang.String, java.lang.String)[pri:0, instance:test.pages.HomePageTest@3a82f6ef]" name="setUp" is-config="true" duration-ms="3718" started-at="2019-01-02T20:21:27Z" finished-at="2019-01-02T20:21:31Z">
          <params>
            <param index="0">
              <value>
                <![CDATA[false]]>
              </value>
            </param>
            <param index="1">
              <value>
                <![CDATA[browserstack]]>
              </value>
            </param>
            <param index="2">
              <value>
                <![CDATA[mac]]>
              </value>
            </param>
            <param index="3">
              <value>
                <![CDATA[10]]>
              </value>
            </param>
            <param index="4">
              <value>
                <![CDATA[chrome]]>
              </value>
            </param>
            <param index="5">
              <value>
                <![CDATA[62.0]]>
              </value>
            </param>
            <param index="6">
              <value>
                <![CDATA[https://www.wellsfargo.com/]]>
              </value>
            </param>
          </params>
          <reporter-output>
          </reporter-output>
        </test-method> <!-- setUp -->
        <test-method status="PASS" signature="startExtent(java.lang.reflect.Method)[pri:0, instance:test.pages.HomePageTest@3a82f6ef]" name="startExtent" is-config="true" duration-ms="1" started-at="2019-01-02T20:21:31Z" finished-at="2019-01-02T20:21:31Z">
          <params>
            <param index="0">
              <value>
                <![CDATA[public void test.pages.HomePageTest.invalidSignIn(java.lang.String,java.lang.String)]]>
              </value>
            </param>
          </params>
          <reporter-output>
          </reporter-output>
        </test-method> <!-- startExtent -->
        <test-method status="PASS" signature="initializationOfElements()[pri:0, instance:test.pages.HomePageTest@3a82f6ef]" name="initializationOfElements" is-config="true" duration-ms="1" started-at="2019-01-02T20:21:31Z" finished-at="2019-01-02T20:21:31Z">
          <reporter-output>
          </reporter-output>
        </test-method> <!-- initializationOfElements -->
        <test-method status="PASS" signature="invalidSignIn(java.lang.String, java.lang.String)[pri:0, instance:test.pages.HomePageTest@3a82f6ef]" name="invalidSignIn" duration-ms="2961" started-at="2019-01-02T20:21:31Z" data-provider="DPExcel" finished-at="2019-01-02T20:21:34Z">
          <params>
            <param index="0">
              <value>
                <![CDATA[my ]]>
              </value>
            </param>
            <param index="1">
              <value>
                <![CDATA[testcases]]>
              </value>
            </param>
          </params>
          <reporter-output>
            <line>
              <![CDATA[Sending my  to userid]]>
            </line>
            <line>
              <![CDATA[Keys Sent to userid]]>
            </line>
            <line>
              <![CDATA[Sending testcases to password]]>
            </line>
            <line>
              <![CDATA[Keys Sent to password]]>
            </line>
            <line>
              <![CDATA[Click sign-in button]]>
            </line>
            <line>
              <![CDATA[Clicked sign-in button]]>
            </line>
          </reporter-output>
        </test-method> <!-- invalidSignIn -->
        <test-method status="PASS" signature="afterEachTestMethod(org.testng.ITestResult)[pri:0, instance:test.pages.HomePageTest@3a82f6ef]" name="afterEachTestMethod" is-config="true" duration-ms="115" started-at="2019-01-02T20:21:34Z" finished-at="2019-01-02T20:21:34Z">
          <params>
            <param index="0">
              <value>
                <![CDATA[[TestResult name=invalidSignIn status=SUCCESS method=HomePageTest.invalidSignIn(java.lang.String, java.lang.String)[pri:0, instance:test.pages.HomePageTest@3a82f6ef] output=Sending my  to userid]]]>
              </value>
            </param>
          </params>
          <reporter-output>
          </reporter-output>
        </test-method> <!-- afterEachTestMethod -->
        <test-method status="PASS" signature="closeOut()[pri:0, instance:test.pages.HomePageTest@3a82f6ef]" name="closeOut" is-config="true" duration-ms="1" started-at="2019-01-02T20:21:34Z" finished-at="2019-01-02T20:21:34Z">
          <reporter-output>
          </reporter-output>
        </test-method> <!-- closeOut -->
        <test-method status="PASS" signature="setUp(boolean, java.lang.String, java.lang.String, java.lang.String, java.lang.String, java.lang.String, java.lang.String)[pri:0, instance:test.pages.HomePageTest@3a82f6ef]" name="setUp" is-config="true" duration-ms="3398" started-at="2019-01-02T20:21:34Z" finished-at="2019-01-02T20:21:37Z">
          <params>
            <param index="0">
              <value>
                <![CDATA[false]]>
              </value>
            </param>
            <param index="1">
              <value>
                <![CDATA[browserstack]]>
              </value>
            </param>
            <param index="2">
              <value>
                <![CDATA[mac]]>
              </value>
            </param>
            <param index="3">
              <value>
                <![CDATA[10]]>
              </value>
            </param>
            <param index="4">
              <value>
                <![CDATA[chrome]]>
              </value>
            </param>
            <param index="5">
              <value>
                <![CDATA[62.0]]>
              </value>
            </param>
            <param index="6">
              <value>
                <![CDATA[https://www.wellsfargo.com/]]>
              </value>
            </param>
          </params>
          <reporter-output>
          </reporter-output>
        </test-method> <!-- setUp -->
        <test-method status="PASS" signature="initializationOfElements()[pri:0, instance:test.pages.HomePageTest@3a82f6ef]" name="initializationOfElements" is-config="true" duration-ms="2" started-at="2019-01-02T20:21:37Z" finished-at="2019-01-02T20:21:37Z">
          <reporter-output>
          </reporter-output>
        </test-method> <!-- initializationOfElements -->
        <test-method status="PASS" signature="startExtent(java.lang.reflect.Method)[pri:0, instance:test.pages.HomePageTest@3a82f6ef]" name="startExtent" is-config="true" duration-ms="0" started-at="2019-01-02T20:21:37Z" finished-at="2019-01-02T20:21:37Z">
          <params>
            <param index="0">
              <value>
                <![CDATA[public void test.pages.HomePageTest.invalidSignIn(java.lang.String,java.lang.String)]]>
              </value>
            </param>
          </params>
          <reporter-output>
          </reporter-output>
        </test-method> <!-- startExtent -->
        <test-method status="PASS" signature="invalidSignIn(java.lang.String, java.lang.String)[pri:0, instance:test.pages.HomePageTest@3a82f6ef]" name="invalidSignIn" duration-ms="2041" started-at="2019-01-02T20:21:37Z" data-provider="DPExcel" finished-at="2019-01-02T20:21:39Z">
          <params>
            <param index="0">
              <value>
                <![CDATA[cuz]]>
              </value>
            </param>
            <param index="1">
              <value>
                <![CDATA[icantstand]]>
              </value>
            </param>
          </params>
          <reporter-output>
            <line>
              <![CDATA[Sending cuz to userid]]>
            </line>
            <line>
              <![CDATA[Keys Sent to userid]]>
            </line>
            <line>
              <![CDATA[Sending icantstand to password]]>
            </line>
            <line>
              <![CDATA[Keys Sent to password]]>
            </line>
            <line>
              <![CDATA[Click sign-in button]]>
            </line>
            <line>
              <![CDATA[Clicked sign-in button]]>
            </line>
          </reporter-output>
        </test-method> <!-- invalidSignIn -->
        <test-method status="PASS" signature="afterEachTestMethod(org.testng.ITestResult)[pri:0, instance:test.pages.HomePageTest@3a82f6ef]" name="afterEachTestMethod" is-config="true" duration-ms="111" started-at="2019-01-02T20:21:39Z" finished-at="2019-01-02T20:21:40Z">
          <params>
            <param index="0">
              <value>
                <![CDATA[[TestResult name=invalidSignIn status=SUCCESS method=HomePageTest.invalidSignIn(java.lang.String, java.lang.String)[pri:0, instance:test.pages.HomePageTest@3a82f6ef] output=Sending cuz to userid]]]>
              </value>
            </param>
          </params>
          <reporter-output>
          </reporter-output>
        </test-method> <!-- afterEachTestMethod -->
        <test-method status="PASS" signature="closeOut()[pri:0, instance:test.pages.HomePageTest@3a82f6ef]" name="closeOut" is-config="true" duration-ms="1" started-at="2019-01-02T20:21:40Z" finished-at="2019-01-02T20:21:40Z">
          <reporter-output>
          </reporter-output>
        </test-method> <!-- closeOut -->
        <test-method status="PASS" signature="setUp(boolean, java.lang.String, java.lang.String, java.lang.String, java.lang.String, java.lang.String, java.lang.String)[pri:0, instance:test.pages.HomePageTest@3a82f6ef]" name="setUp" is-config="true" duration-ms="3324" started-at="2019-01-02T20:21:40Z" finished-at="2019-01-02T20:21:43Z">
          <params>
            <param index="0">
              <value>
                <![CDATA[false]]>
              </value>
            </param>
            <param index="1">
              <value>
                <![CDATA[browserstack]]>
              </value>
            </param>
            <param index="2">
              <value>
                <![CDATA[mac]]>
              </value>
            </param>
            <param index="3">
              <value>
                <![CDATA[10]]>
              </value>
            </param>
            <param index="4">
              <value>
                <![CDATA[chrome]]>
              </value>
            </param>
            <param index="5">
              <value>
                <![CDATA[62.0]]>
              </value>
            </param>
            <param index="6">
              <value>
                <![CDATA[https://www.wellsfargo.com/]]>
              </value>
            </param>
          </params>
          <reporter-output>
          </reporter-output>
        </test-method> <!-- setUp -->
        <test-method status="PASS" signature="startExtent(java.lang.reflect.Method)[pri:0, instance:test.pages.HomePageTest@3a82f6ef]" name="startExtent" is-config="true" duration-ms="1" started-at="2019-01-02T20:21:43Z" finished-at="2019-01-02T20:21:43Z">
          <params>
            <param index="0">
              <value>
                <![CDATA[public void test.pages.HomePageTest.invalidSignIn(java.lang.String,java.lang.String)]]>
              </value>
            </param>
          </params>
          <reporter-output>
          </reporter-output>
        </test-method> <!-- startExtent -->
        <test-method status="PASS" signature="initializationOfElements()[pri:0, instance:test.pages.HomePageTest@3a82f6ef]" name="initializationOfElements" is-config="true" duration-ms="1" started-at="2019-01-02T20:21:43Z" finished-at="2019-01-02T20:21:43Z">
          <reporter-output>
          </reporter-output>
        </test-method> <!-- initializationOfElements -->
        <test-method status="PASS" signature="invalidSignIn(java.lang.String, java.lang.String)[pri:0, instance:test.pages.HomePageTest@3a82f6ef]" name="invalidSignIn" duration-ms="1716" started-at="2019-01-02T20:21:43Z" data-provider="DPExcel" finished-at="2019-01-02T20:21:45Z">
          <params>
            <param index="0">
              <value>
                <![CDATA[it]]>
              </value>
            </param>
            <param index="1">
              <value>
                <![CDATA[either]]>
              </value>
            </param>
          </params>
          <reporter-output>
            <line>
              <![CDATA[Sending it to userid]]>
            </line>
            <line>
              <![CDATA[Keys Sent to userid]]>
            </line>
            <line>
              <![CDATA[Sending either to password]]>
            </line>
            <line>
              <![CDATA[Keys Sent to password]]>
            </line>
            <line>
              <![CDATA[Click sign-in button]]>
            </line>
            <line>
              <![CDATA[Clicked sign-in button]]>
            </line>
          </reporter-output>
        </test-method> <!-- invalidSignIn -->
        <test-method status="PASS" signature="afterEachTestMethod(org.testng.ITestResult)[pri:0, instance:test.pages.HomePageTest@3a82f6ef]" name="afterEachTestMethod" is-config="true" duration-ms="113" started-at="2019-01-02T20:21:45Z" finished-at="2019-01-02T20:21:45Z">
          <params>
            <param index="0">
              <value>
                <![CDATA[[TestResult name=invalidSignIn status=SUCCESS method=HomePageTest.invalidSignIn(java.lang.String, java.lang.String)[pri:0, instance:test.pages.HomePageTest@3a82f6ef] output=Sending it to userid]]]>
              </value>
            </param>
          </params>
          <reporter-output>
          </reporter-output>
        </test-method> <!-- afterEachTestMethod -->
        <test-method status="PASS" signature="closeOut()[pri:0, instance:test.pages.HomePageTest@3a82f6ef]" name="closeOut" is-config="true" duration-ms="0" started-at="2019-01-02T20:21:45Z" finished-at="2019-01-02T20:21:45Z">
          <reporter-output>
          </reporter-output>
        </test-method> <!-- closeOut -->
        <test-method status="PASS" signature="setUp(boolean, java.lang.String, java.lang.String, java.lang.String, java.lang.String, java.lang.String, java.lang.String)[pri:0, instance:test.pages.HomePageTest@3a82f6ef]" name="setUp" is-config="true" duration-ms="3398" started-at="2019-01-02T20:21:45Z" finished-at="2019-01-02T20:21:48Z">
          <params>
            <param index="0">
              <value>
                <![CDATA[false]]>
              </value>
            </param>
            <param index="1">
              <value>
                <![CDATA[browserstack]]>
              </value>
            </param>
            <param index="2">
              <value>
                <![CDATA[mac]]>
              </value>
            </param>
            <param index="3">
              <value>
                <![CDATA[10]]>
              </value>
            </param>
            <param index="4">
              <value>
                <![CDATA[chrome]]>
              </value>
            </param>
            <param index="5">
              <value>
                <![CDATA[62.0]]>
              </value>
            </param>
            <param index="6">
              <value>
                <![CDATA[https://www.wellsfargo.com/]]>
              </value>
            </param>
          </params>
          <reporter-output>
          </reporter-output>
        </test-method> <!-- setUp -->
        <test-method status="PASS" signature="startExtent(java.lang.reflect.Method)[pri:0, instance:test.pages.HomePageTest@3a82f6ef]" name="startExtent" is-config="true" duration-ms="0" started-at="2019-01-02T20:21:48Z" finished-at="2019-01-02T20:21:48Z">
          <params>
            <param index="0">
              <value>
                <![CDATA[public void test.pages.HomePageTest.invalidSignIn(java.lang.String,java.lang.String)]]>
              </value>
            </param>
          </params>
          <reporter-output>
          </reporter-output>
        </test-method> <!-- startExtent -->
        <test-method status="PASS" signature="initializationOfElements()[pri:0, instance:test.pages.HomePageTest@3a82f6ef]" name="initializationOfElements" is-config="true" duration-ms="1" started-at="2019-01-02T20:21:48Z" finished-at="2019-01-02T20:21:48Z">
          <reporter-output>
          </reporter-output>
        </test-method> <!-- initializationOfElements -->
        <test-method status="PASS" signature="invalidSignIn(java.lang.String, java.lang.String)[pri:0, instance:test.pages.HomePageTest@3a82f6ef]" name="invalidSignIn" duration-ms="2938" started-at="2019-01-02T20:21:48Z" data-provider="DPExcel" finished-at="2019-01-02T20:21:51Z">
          <params>
            <param index="0">
              <value>
                <![CDATA[how ]]>
              </value>
            </param>
            <param index="1">
              <value>
                <![CDATA[bout]]>
              </value>
            </param>
          </params>
          <reporter-output>
            <line>
              <![CDATA[Sending how  to userid]]>
            </line>
            <line>
              <![CDATA[Keys Sent to userid]]>
            </line>
            <line>
              <![CDATA[Sending bout to password]]>
            </line>
            <line>
              <![CDATA[Keys Sent to password]]>
            </line>
            <line>
              <![CDATA[Click sign-in button]]>
            </line>
            <line>
              <![CDATA[Clicked sign-in button]]>
            </line>
          </reporter-output>
        </test-method> <!-- invalidSignIn -->
        <test-method status="PASS" signature="afterEachTestMethod(org.testng.ITestResult)[pri:0, instance:test.pages.HomePageTest@3a82f6ef]" name="afterEachTestMethod" is-config="true" duration-ms="109" started-at="2019-01-02T20:21:51Z" finished-at="2019-01-02T20:21:51Z">
          <params>
            <param index="0">
              <value>
                <![CDATA[[TestResult name=invalidSignIn status=SUCCESS method=HomePageTest.invalidSignIn(java.lang.String, java.lang.String)[pri:0, instance:test.pages.HomePageTest@3a82f6ef] output=Sending how  to userid]]]>
              </value>
            </param>
          </params>
          <reporter-output>
          </reporter-output>
        </test-method> <!-- afterEachTestMethod -->
        <test-method status="PASS" signature="closeOut()[pri:0, instance:test.pages.HomePageTest@3a82f6ef]" name="closeOut" is-config="true" duration-ms="0" started-at="2019-01-02T20:21:51Z" finished-at="2019-01-02T20:21:51Z">
          <reporter-output>
          </reporter-output>
        </test-method> <!-- closeOut -->
        <test-method status="PASS" signature="setUp(boolean, java.lang.String, java.lang.String, java.lang.String, java.lang.String, java.lang.String, java.lang.String)[pri:0, instance:test.pages.HomePageTest@3a82f6ef]" name="setUp" is-config="true" duration-ms="3009" started-at="2019-01-02T20:21:51Z" finished-at="2019-01-02T20:21:54Z">
          <params>
            <param index="0">
              <value>
                <![CDATA[false]]>
              </value>
            </param>
            <param index="1">
              <value>
                <![CDATA[browserstack]]>
              </value>
            </param>
            <param index="2">
              <value>
                <![CDATA[mac]]>
              </value>
            </param>
            <param index="3">
              <value>
                <![CDATA[10]]>
              </value>
            </param>
            <param index="4">
              <value>
                <![CDATA[chrome]]>
              </value>
            </param>
            <param index="5">
              <value>
                <![CDATA[62.0]]>
              </value>
            </param>
            <param index="6">
              <value>
                <![CDATA[https://www.wellsfargo.com/]]>
              </value>
            </param>
          </params>
          <reporter-output>
          </reporter-output>
        </test-method> <!-- setUp -->
        <test-method status="PASS" signature="initializationOfElements()[pri:0, instance:test.pages.HomePageTest@3a82f6ef]" name="initializationOfElements" is-config="true" duration-ms="1" started-at="2019-01-02T20:21:54Z" finished-at="2019-01-02T20:21:54Z">
          <reporter-output>
          </reporter-output>
        </test-method> <!-- initializationOfElements -->
        <test-method status="PASS" signature="startExtent(java.lang.reflect.Method)[pri:0, instance:test.pages.HomePageTest@3a82f6ef]" name="startExtent" is-config="true" duration-ms="0" started-at="2019-01-02T20:21:54Z" finished-at="2019-01-02T20:21:54Z">
          <params>
            <param index="0">
              <value>
                <![CDATA[public void test.pages.HomePageTest.invalidSignIn(java.lang.String,java.lang.String)]]>
              </value>
            </param>
          </params>
          <reporter-output>
          </reporter-output>
        </test-method> <!-- startExtent -->
        <test-method status="PASS" signature="invalidSignIn(java.lang.String, java.lang.String)[pri:0, instance:test.pages.HomePageTest@3a82f6ef]" name="invalidSignIn" duration-ms="1697" started-at="2019-01-02T20:21:54Z" data-provider="DPExcel" finished-at="2019-01-02T20:21:56Z">
          <params>
            <param index="0">
              <value>
                <![CDATA[some]]>
              </value>
            </param>
            <param index="1">
              <value>
                <![CDATA[moee]]>
              </value>
            </param>
          </params>
          <reporter-output>
            <line>
              <![CDATA[Sending some to userid]]>
            </line>
            <line>
              <![CDATA[Keys Sent to userid]]>
            </line>
            <line>
              <![CDATA[Sending moee to password]]>
            </line>
            <line>
              <![CDATA[Keys Sent to password]]>
            </line>
            <line>
              <![CDATA[Click sign-in button]]>
            </line>
            <line>
              <![CDATA[Clicked sign-in button]]>
            </line>
          </reporter-output>
        </test-method> <!-- invalidSignIn -->
        <test-method status="PASS" signature="afterEachTestMethod(org.testng.ITestResult)[pri:0, instance:test.pages.HomePageTest@3a82f6ef]" name="afterEachTestMethod" is-config="true" duration-ms="111" started-at="2019-01-02T20:21:56Z" finished-at="2019-01-02T20:21:56Z">
          <params>
            <param index="0">
              <value>
                <![CDATA[[TestResult name=invalidSignIn status=SUCCESS method=HomePageTest.invalidSignIn(java.lang.String, java.lang.String)[pri:0, instance:test.pages.HomePageTest@3a82f6ef] output=Sending some to userid]]]>
              </value>
            </param>
          </params>
          <reporter-output>
          </reporter-output>
        </test-method> <!-- afterEachTestMethod -->
        <test-method status="PASS" signature="closeOut()[pri:0, instance:test.pages.HomePageTest@3a82f6ef]" name="closeOut" is-config="true" duration-ms="1" started-at="2019-01-02T20:21:56Z" finished-at="2019-01-02T20:21:56Z">
          <reporter-output>
          </reporter-output>
        </test-method> <!-- closeOut -->
        <test-method status="PASS" signature="setUp(boolean, java.lang.String, java.lang.String, java.lang.String, java.lang.String, java.lang.String, java.lang.String)[pri:0, instance:test.pages.HomePageTest@3a82f6ef]" name="setUp" is-config="true" duration-ms="3138" started-at="2019-01-02T20:21:56Z" finished-at="2019-01-02T20:21:59Z">
          <params>
            <param index="0">
              <value>
                <![CDATA[false]]>
              </value>
            </param>
            <param index="1">
              <value>
                <![CDATA[browserstack]]>
              </value>
            </param>
            <param index="2">
              <value>
                <![CDATA[mac]]>
              </value>
            </param>
            <param index="3">
              <value>
                <![CDATA[10]]>
              </value>
            </param>
            <param index="4">
              <value>
                <![CDATA[chrome]]>
              </value>
            </param>
            <param index="5">
              <value>
                <![CDATA[62.0]]>
              </value>
            </param>
            <param index="6">
              <value>
                <![CDATA[https://www.wellsfargo.com/]]>
              </value>
            </param>
          </params>
          <reporter-output>
          </reporter-output>
        </test-method> <!-- setUp -->
        <test-method status="PASS" signature="startExtent(java.lang.reflect.Method)[pri:0, instance:test.pages.HomePageTest@3a82f6ef]" name="startExtent" is-config="true" duration-ms="0" started-at="2019-01-02T20:21:59Z" finished-at="2019-01-02T20:21:59Z">
          <params>
            <param index="0">
              <value>
                <![CDATA[public void test.pages.HomePageTest.invalidSignIn(java.lang.String,java.lang.String)]]>
              </value>
            </param>
          </params>
          <reporter-output>
          </reporter-output>
        </test-method> <!-- startExtent -->
        <test-method status="PASS" signature="initializationOfElements()[pri:0, instance:test.pages.HomePageTest@3a82f6ef]" name="initializationOfElements" is-config="true" duration-ms="1" started-at="2019-01-02T20:21:59Z" finished-at="2019-01-02T20:21:59Z">
          <reporter-output>
          </reporter-output>
        </test-method> <!-- initializationOfElements -->
        <test-method status="PASS" signature="invalidSignIn(java.lang.String, java.lang.String)[pri:0, instance:test.pages.HomePageTest@3a82f6ef]" name="invalidSignIn" duration-ms="1700" started-at="2019-01-02T20:21:59Z" data-provider="DPExcel" finished-at="2019-01-02T20:22:01Z">
          <params>
            <param index="0">
              <value>
                <![CDATA[mother]]>
              </value>
            </param>
            <param index="1">
              <value>
                <![CDATA[fucker]]>
              </value>
            </param>
          </params>
          <reporter-output>
            <line>
              <![CDATA[Sending mother to userid]]>
            </line>
            <line>
              <![CDATA[Keys Sent to userid]]>
            </line>
            <line>
              <![CDATA[Sending fucker to password]]>
            </line>
            <line>
              <![CDATA[Keys Sent to password]]>
            </line>
            <line>
              <![CDATA[Click sign-in button]]>
            </line>
            <line>
              <![CDATA[Clicked sign-in button]]>
            </line>
          </reporter-output>
        </test-method> <!-- invalidSignIn -->
        <test-method status="PASS" signature="afterEachTestMethod(org.testng.ITestResult)[pri:0, instance:test.pages.HomePageTest@3a82f6ef]" name="afterEachTestMethod" is-config="true" duration-ms="113" started-at="2019-01-02T20:22:01Z" finished-at="2019-01-02T20:22:01Z">
          <params>
            <param index="0">
              <value>
                <![CDATA[[TestResult name=invalidSignIn status=SUCCESS method=HomePageTest.invalidSignIn(java.lang.String, java.lang.String)[pri:0, instance:test.pages.HomePageTest@3a82f6ef] output=Sending mother to userid]]]>
              </value>
            </param>
          </params>
          <reporter-output>
          </reporter-output>
        </test-method> <!-- afterEachTestMethod -->
        <test-method status="PASS" signature="closeOut()[pri:0, instance:test.pages.HomePageTest@3a82f6ef]" name="closeOut" is-config="true" duration-ms="1" started-at="2019-01-02T20:22:01Z" finished-at="2019-01-02T20:22:01Z">
          <reporter-output>
          </reporter-output>
        </test-method> <!-- closeOut -->
        <test-method status="PASS" signature="setUp(boolean, java.lang.String, java.lang.String, java.lang.String, java.lang.String, java.lang.String, java.lang.String)[pri:0, instance:test.pages.HomePageTest@3a82f6ef]" name="setUp" is-config="true" duration-ms="3402" started-at="2019-01-02T20:22:01Z" finished-at="2019-01-02T20:22:04Z">
          <params>
            <param index="0">
              <value>
                <![CDATA[false]]>
              </value>
            </param>
            <param index="1">
              <value>
                <![CDATA[browserstack]]>
              </value>
            </param>
            <param index="2">
              <value>
                <![CDATA[mac]]>
              </value>
            </param>
            <param index="3">
              <value>
                <![CDATA[10]]>
              </value>
            </param>
            <param index="4">
              <value>
                <![CDATA[chrome]]>
              </value>
            </param>
            <param index="5">
              <value>
                <![CDATA[62.0]]>
              </value>
            </param>
            <param index="6">
              <value>
                <![CDATA[https://www.wellsfargo.com/]]>
              </value>
            </param>
          </params>
          <reporter-output>
          </reporter-output>
        </test-method> <!-- setUp -->
        <test-method status="PASS" signature="startExtent(java.lang.reflect.Method)[pri:0, instance:test.pages.HomePageTest@3a82f6ef]" name="startExtent" is-config="true" duration-ms="1" started-at="2019-01-02T20:22:04Z" finished-at="2019-01-02T20:22:04Z">
          <params>
            <param index="0">
              <value>
                <![CDATA[public void test.pages.HomePageTest.invalidSignIn(java.lang.String,java.lang.String)]]>
              </value>
            </param>
          </params>
          <reporter-output>
          </reporter-output>
        </test-method> <!-- startExtent -->
        <test-method status="PASS" signature="initializationOfElements()[pri:0, instance:test.pages.HomePageTest@3a82f6ef]" name="initializationOfElements" is-config="true" duration-ms="1" started-at="2019-01-02T20:22:04Z" finished-at="2019-01-02T20:22:04Z">
          <reporter-output>
          </reporter-output>
        </test-method> <!-- initializationOfElements -->
        <test-method status="PASS" signature="invalidSignIn(java.lang.String, java.lang.String)[pri:0, instance:test.pages.HomePageTest@3a82f6ef]" name="invalidSignIn" duration-ms="2349" started-at="2019-01-02T20:22:04Z" data-provider="DPExcel" finished-at="2019-01-02T20:22:07Z">
          <params>
            <param index="0">
              <value>
                <![CDATA[one]]>
              </value>
            </param>
            <param index="1">
              <value>
                <![CDATA[two]]>
              </value>
            </param>
          </params>
          <reporter-output>
            <line>
              <![CDATA[Sending one to userid]]>
            </line>
            <line>
              <![CDATA[Keys Sent to userid]]>
            </line>
            <line>
              <![CDATA[Sending two to password]]>
            </line>
            <line>
              <![CDATA[Keys Sent to password]]>
            </line>
            <line>
              <![CDATA[Click sign-in button]]>
            </line>
            <line>
              <![CDATA[Clicked sign-in button]]>
            </line>
          </reporter-output>
        </test-method> <!-- invalidSignIn -->
        <test-method status="PASS" signature="afterEachTestMethod(org.testng.ITestResult)[pri:0, instance:test.pages.HomePageTest@3a82f6ef]" name="afterEachTestMethod" is-config="true" duration-ms="104" started-at="2019-01-02T20:22:07Z" finished-at="2019-01-02T20:22:07Z">
          <params>
            <param index="0">
              <value>
                <![CDATA[[TestResult name=invalidSignIn status=SUCCESS method=HomePageTest.invalidSignIn(java.lang.String, java.lang.String)[pri:0, instance:test.pages.HomePageTest@3a82f6ef] output=Sending one to userid]]]>
              </value>
            </param>
          </params>
          <reporter-output>
          </reporter-output>
        </test-method> <!-- afterEachTestMethod -->
        <test-method status="PASS" signature="closeOut()[pri:0, instance:test.pages.HomePageTest@3a82f6ef]" name="closeOut" is-config="true" duration-ms="0" started-at="2019-01-02T20:22:07Z" finished-at="2019-01-02T20:22:07Z">
          <reporter-output>
          </reporter-output>
        </test-method> <!-- closeOut -->
        <test-method status="PASS" signature="setUp(boolean, java.lang.String, java.lang.String, java.lang.String, java.lang.String, java.lang.String, java.lang.String)[pri:0, instance:test.pages.HomePageTest@3a82f6ef]" name="setUp" is-config="true" duration-ms="3241" started-at="2019-01-02T20:22:07Z" finished-at="2019-01-02T20:22:10Z">
          <params>
            <param index="0">
              <value>
                <![CDATA[false]]>
              </value>
            </param>
            <param index="1">
              <value>
                <![CDATA[browserstack]]>
              </value>
            </param>
            <param index="2">
              <value>
                <![CDATA[mac]]>
              </value>
            </param>
            <param index="3">
              <value>
                <![CDATA[10]]>
              </value>
            </param>
            <param index="4">
              <value>
                <![CDATA[chrome]]>
              </value>
            </param>
            <param index="5">
              <value>
                <![CDATA[62.0]]>
              </value>
            </param>
            <param index="6">
              <value>
                <![CDATA[https://www.wellsfargo.com/]]>
              </value>
            </param>
          </params>
          <reporter-output>
          </reporter-output>
        </test-method> <!-- setUp -->
        <test-method status="PASS" signature="initializationOfElements()[pri:0, instance:test.pages.HomePageTest@3a82f6ef]" name="initializationOfElements" is-config="true" duration-ms="1" started-at="2019-01-02T20:22:10Z" finished-at="2019-01-02T20:22:10Z">
          <reporter-output>
          </reporter-output>
        </test-method> <!-- initializationOfElements -->
        <test-method status="PASS" signature="startExtent(java.lang.reflect.Method)[pri:0, instance:test.pages.HomePageTest@3a82f6ef]" name="startExtent" is-config="true" duration-ms="0" started-at="2019-01-02T20:22:10Z" finished-at="2019-01-02T20:22:10Z">
          <params>
            <param index="0">
              <value>
                <![CDATA[public void test.pages.HomePageTest.invalidSignIn(java.lang.String,java.lang.String)]]>
              </value>
            </param>
          </params>
          <reporter-output>
          </reporter-output>
        </test-method> <!-- startExtent -->
        <test-method status="PASS" signature="invalidSignIn(java.lang.String, java.lang.String)[pri:0, instance:test.pages.HomePageTest@3a82f6ef]" name="invalidSignIn" duration-ms="1746" started-at="2019-01-02T20:22:10Z" data-provider="DPExcel" finished-at="2019-01-02T20:22:12Z">
          <params>
            <param index="0">
              <value>
                <![CDATA[tree]]>
              </value>
            </param>
            <param index="1">
              <value>
                <![CDATA[oflife]]>
              </value>
            </param>
          </params>
          <reporter-output>
            <line>
              <![CDATA[Sending tree to userid]]>
            </line>
            <line>
              <![CDATA[Keys Sent to userid]]>
            </line>
            <line>
              <![CDATA[Sending oflife to password]]>
            </line>
            <line>
              <![CDATA[Keys Sent to password]]>
            </line>
            <line>
              <![CDATA[Click sign-in button]]>
            </line>
            <line>
              <![CDATA[Clicked sign-in button]]>
            </line>
          </reporter-output>
        </test-method> <!-- invalidSignIn -->
        <test-method status="PASS" signature="afterEachTestMethod(org.testng.ITestResult)[pri:0, instance:test.pages.HomePageTest@3a82f6ef]" name="afterEachTestMethod" is-config="true" duration-ms="104" started-at="2019-01-02T20:22:12Z" finished-at="2019-01-02T20:22:12Z">
          <params>
            <param index="0">
              <value>
                <![CDATA[[TestResult name=invalidSignIn status=SUCCESS method=HomePageTest.invalidSignIn(java.lang.String, java.lang.String)[pri:0, instance:test.pages.HomePageTest@3a82f6ef] output=Sending tree to userid]]]>
              </value>
            </param>
          </params>
          <reporter-output>
          </reporter-output>
        </test-method> <!-- afterEachTestMethod -->
        <test-method status="PASS" signature="closeOut()[pri:0, instance:test.pages.HomePageTest@3a82f6ef]" name="closeOut" is-config="true" duration-ms="0" started-at="2019-01-02T20:22:12Z" finished-at="2019-01-02T20:22:12Z">
          <reporter-output>
          </reporter-output>
        </test-method> <!-- closeOut -->
      </class> <!-- test.pages.HomePageTest -->
    </test> <!-- WellsFargo Tests -->
  </suite> <!-- WellsFargo Automation Test or w.e id like -->
</testng-results>
